<?xml version="1.0" encoding="UTF-8"?>
<testng-results skipped="0" failed="0" ignored="0" total="1" passed="1">
  <reporter-output>
  </reporter-output>
  <suite name="Default suite" duration-ms="4444" started-at="2019-09-27T12:47:06Z" finished-at="2019-09-27T12:47:10Z">
    <groups>
    </groups>
    <test name="Default test" duration-ms="4444" started-at="2019-09-27T12:47:06Z" finished-at="2019-09-27T12:47:10Z">
      <class name="com.qa.resr.tests.CreatePOSTCALLPojo">
        <test-method status="PASS" signature="createcustomerTest()[pri:0, instance:com.qa.resr.tests.CreatePOSTCALLPojo@548a9f61]" name="createcustomerTest" duration-ms="4370" started-at="2019-09-27T12:47:06Z" finished-at="2019-09-27T12:47:10Z">
          <reporter-output>
          </reporter-output>
        </test-method> <!-- createcustomerTest -->
      </class> <!-- com.qa.resr.tests.CreatePOSTCALLPojo -->
    </test> <!-- Default test -->
  </suite> <!-- Default suite -->
</testng-results>
